<?xml version="1.0" encoding="UTF-8"?>
<testng-results ignored="0" total="1" passed="1" failed="0" skipped="0">
  <reporter-output>
  </reporter-output>
  <suite started-at="2023-10-28T21:15:53 IST" name="Default suite" finished-at="2023-10-28T21:16:51 IST" duration-ms="58044">
    <groups>
    </groups>
    <test started-at="2023-10-28T21:15:53 IST" name="Default test" finished-at="2023-10-28T21:16:51 IST" duration-ms="58044">
      <class name="automationtest.Etriptest">
        <test-method is-config="true" signature="setup()[pri:0, instance:automationtest.Etriptest@59474f18]" started-at="2023-10-28T21:15:53 IST" name="setup" finished-at="2023-10-28T21:15:59 IST" duration-ms="5833" status="PASS">
          <reporter-output>
          </reporter-output>
        </test-method> <!-- setup -->
        <test-method is-config="true" signature="urlloading()[pri:0, instance:automationtest.Etriptest@59474f18]" started-at="2023-10-28T21:15:59 IST" name="urlloading" finished-at="2023-10-28T21:16:22 IST" duration-ms="22974" status="PASS">
          <reporter-output>
          </reporter-output>
        </test-method> <!-- urlloading -->
        <test-method signature="test()[pri:0, instance:automationtest.Etriptest@59474f18]" started-at="2023-10-28T21:16:22 IST" name="test" finished-at="2023-10-28T21:16:51 IST" duration-ms="29190" status="PASS">
          <reporter-output>
          </reporter-output>
        </test-method> <!-- test -->
      </class> <!-- automationtest.Etriptest -->
    </test> <!-- Default test -->
  </suite> <!-- Default suite -->
</testng-results>
